<?xml version="1.0" encoding="UTF-8"?>
<!-- Generated by org.testng.reporters.JUnitReportReporter -->
<testsuite hostname="DESKTOP-JUT15DM" failures="0" tests="1" name="com.crm.sample.sample" time="0.015" errors="0" timestamp="2025-02-04T13:03:30 IST" skipped="0">
  <testcase classname="com.crm.sample.sample" name="sample" time="0.015"/>
</testsuite> <!-- com.crm.sample.sample -->
